   0  $accept : expression $end

   1  expression : expression '+' expression
   2             | expression '*' expression
   3             | INT_CONSTANT

state 0
	$accept : . expression $end  (0)

	INT_CONSTANT  shift 1
	.  error

	expression  goto 2


state 1
	expression : INT_CONSTANT .  (3)

	.  reduce 3


state 2
	$accept : expression . $end  (0)
	expression : expression . '+' expression  (1)
	expression : expression . '*' expression  (2)

	$end  accept
	'+'  shift 3
	'*'  shift 4
	.  error


state 3
	expression : expression '+' . expression  (1)

	INT_CONSTANT  shift 1
	.  error

	expression  goto 5


state 4
	expression : expression '*' . expression  (2)

	INT_CONSTANT  shift 1
	.  error

	expression  goto 6


state 5
	expression : expression . '+' expression  (1)
	expression : expression '+' expression .  (1)
	expression : expression . '*' expression  (2)

	'*'  shift 4
	$end  reduce 1
	'+'  reduce 1


state 6
	expression : expression . '+' expression  (1)
	expression : expression . '*' expression  (2)
	expression : expression '*' expression .  (2)

	.  reduce 2


20 terminals, 2 nonterminals
4 grammar rules, 7 states
