   0  $accept : programa $end

   1  programa : definiciones main

   2  definiciones :
   3               | definiciones definicion

   4  definicion : variable
   5             | funcion

   6  funcion : DEF ID '(' parametros ')' ':' tipoReturn body

   7  main : DEF MAIN '(' ')' ':' VOID body

   8  body : '{' variables sentencias '}'
   9       | '{' '}'
  10       | '{' sentencias '}'
  11       | '{' variables '}'

  12  sentencias : sentencia
  13             | sentencias sentencia

  14  sentencia : RETURN expression ';'
  15            | while
  16            | print
  17            | input
  18            | if
  19            | ifSimple
  20            | invocation ';'
  21            | assignment

  22  invocation : ID '(' paramsInvocation ')'

  23  paramsInvocation : expressiones
  24                   |

  25  assignment : expression '=' expression ';'
  26             | expression AND_EQUALS expression ';'
  27             | expression OR_EQUALS expression ';'

  28  if : IF expression ':' sentencia ELSE sentencia
  29     | IF expression ':' sentencia ELSE '{' sentencias '}'
  30     | IF expression ':' '{' sentencias '}' ELSE sentencia
  31     | IF expression ':' '{' sentencias '}' ELSE '{' sentencias '}'

  32  ifSimple : IF expression ':' sentencia
  33           | IF expression ':' '{' sentencias '}'

  34  parametros : parametrosAUX
  35             |

  36  parametrosAUX : parametro
  37                | parametrosAUX ',' parametro

  38  parametro : ID ':' tipo

  39  variables : variable
  40            | variables variable

  41  variable : ident ':' tipoCompuesto ';'

  42  ident : ID
  43        | ident ',' ID

  44  tipo : INT
  45       | DOUBLE
  46       | CHAR

  47  tipoCompuesto : tipo
  48                | '[' INT_CONSTANT ']' tipoCompuesto
  49                | STRUCT '{' bodyStruct '}'

  50  tipoReturn : tipo
  51             | VOID

  52  bodyStruct : variablesStruct
  53             | bodyStruct variablesStruct

  54  variablesStruct : ident ':' tipoCompuesto ';'

  55  expressiones : expression
  56               | expressiones ',' expression

  57  expression : ID
  58             | expression '+' expression
  59             | expression '-' expression
  60             | expression '*' expression
  61             | expression '/' expression
  62             | expression '%' expression
  63             | expression '.' ID
  64             | '(' expression ')'
  65             | expression '[' expression ']'
  66             | '!' expression
  67             | '-' expression
  68             | expression '>' expression
  69             | expression '<' expression
  70             | expression DISTINTO expression
  71             | expression MAYORIGUAL expression
  72             | expression MENORIGUAL expression
  73             | expression EQUIVALENTE expression
  74             | expression AND expression
  75             | expression OR expression
  76             | expression AND_EQUALS expression
  77             | expression OR_EQUALS expression
  78             | REAL_CONSTANT
  79             | INT_CONSTANT
  80             | CHAR_CONSTANT
  81             | cast
  82             | invocation

  83  cast : '(' tipo ')' expression

  84  while : WHILE expression ':' '{' sentencias '}'

  85  print : PRINT expressiones ';'

  86  input : INPUT expressiones ';'

state 0
	$accept : . programa $end  (0)
	definiciones : .  (2)

	.  reduce 2

	programa  goto 1
	definiciones  goto 2


state 1
	$accept : programa . $end  (0)

	$end  accept


state 2
	programa : definiciones . main  (1)
	definiciones : definiciones . definicion  (3)

	ID  shift 3
	DEF  shift 4
	.  error

	main  goto 5
	definicion  goto 6
	variable  goto 7
	funcion  goto 8
	ident  goto 9


state 3
	ident : ID .  (42)

	.  reduce 42


state 4
	funcion : DEF . ID '(' parametros ')' ':' tipoReturn body  (6)
	main : DEF . MAIN '(' ')' ':' VOID body  (7)

	ID  shift 10
	MAIN  shift 11
	.  error


state 5
	programa : definiciones main .  (1)

	.  reduce 1


state 6
	definiciones : definiciones definicion .  (3)

	.  reduce 3


state 7
	definicion : variable .  (4)

	.  reduce 4


state 8
	definicion : funcion .  (5)

	.  reduce 5


state 9
	variable : ident . ':' tipoCompuesto ';'  (41)
	ident : ident . ',' ID  (43)

	':'  shift 12
	','  shift 13
	.  error


state 10
	funcion : DEF ID . '(' parametros ')' ':' tipoReturn body  (6)

	'('  shift 14
	.  error


state 11
	main : DEF MAIN . '(' ')' ':' VOID body  (7)

	'('  shift 15
	.  error


state 12
	variable : ident ':' . tipoCompuesto ';'  (41)

	INT  shift 16
	DOUBLE  shift 17
	CHAR  shift 18
	STRUCT  shift 19
	'['  shift 20
	.  error

	tipo  goto 21
	tipoCompuesto  goto 22


state 13
	ident : ident ',' . ID  (43)

	ID  shift 23
	.  error


state 14
	funcion : DEF ID '(' . parametros ')' ':' tipoReturn body  (6)
	parametros : .  (35)

	ID  shift 24
	')'  reduce 35

	parametros  goto 25
	parametrosAUX  goto 26
	parametro  goto 27


state 15
	main : DEF MAIN '(' . ')' ':' VOID body  (7)

	')'  shift 28
	.  error


state 16
	tipo : INT .  (44)

	.  reduce 44


state 17
	tipo : DOUBLE .  (45)

	.  reduce 45


state 18
	tipo : CHAR .  (46)

	.  reduce 46


state 19
	tipoCompuesto : STRUCT . '{' bodyStruct '}'  (49)

	'{'  shift 29
	.  error


state 20
	tipoCompuesto : '[' . INT_CONSTANT ']' tipoCompuesto  (48)

	INT_CONSTANT  shift 30
	.  error


state 21
	tipoCompuesto : tipo .  (47)

	.  reduce 47


state 22
	variable : ident ':' tipoCompuesto . ';'  (41)

	';'  shift 31
	.  error


state 23
	ident : ident ',' ID .  (43)

	.  reduce 43


state 24
	parametro : ID . ':' tipo  (38)

	':'  shift 32
	.  error


state 25
	funcion : DEF ID '(' parametros . ')' ':' tipoReturn body  (6)

	')'  shift 33
	.  error


state 26
	parametros : parametrosAUX .  (34)
	parametrosAUX : parametrosAUX . ',' parametro  (37)

	','  shift 34
	')'  reduce 34


state 27
	parametrosAUX : parametro .  (36)

	.  reduce 36


state 28
	main : DEF MAIN '(' ')' . ':' VOID body  (7)

	':'  shift 35
	.  error


state 29
	tipoCompuesto : STRUCT '{' . bodyStruct '}'  (49)

	ID  shift 3
	.  error

	ident  goto 36
	bodyStruct  goto 37
	variablesStruct  goto 38


state 30
	tipoCompuesto : '[' INT_CONSTANT . ']' tipoCompuesto  (48)

	']'  shift 39
	.  error


state 31
	variable : ident ':' tipoCompuesto ';' .  (41)

	.  reduce 41


state 32
	parametro : ID ':' . tipo  (38)

	INT  shift 16
	DOUBLE  shift 17
	CHAR  shift 18
	.  error

	tipo  goto 40


state 33
	funcion : DEF ID '(' parametros ')' . ':' tipoReturn body  (6)

	':'  shift 41
	.  error


state 34
	parametrosAUX : parametrosAUX ',' . parametro  (37)

	ID  shift 24
	.  error

	parametro  goto 42


state 35
	main : DEF MAIN '(' ')' ':' . VOID body  (7)

	VOID  shift 43
	.  error


state 36
	ident : ident . ',' ID  (43)
	variablesStruct : ident . ':' tipoCompuesto ';'  (54)

	':'  shift 44
	','  shift 13
	.  error


state 37
	tipoCompuesto : STRUCT '{' bodyStruct . '}'  (49)
	bodyStruct : bodyStruct . variablesStruct  (53)

	ID  shift 3
	'}'  shift 45
	.  error

	ident  goto 36
	variablesStruct  goto 46


state 38
	bodyStruct : variablesStruct .  (52)

	.  reduce 52


state 39
	tipoCompuesto : '[' INT_CONSTANT ']' . tipoCompuesto  (48)

	INT  shift 16
	DOUBLE  shift 17
	CHAR  shift 18
	STRUCT  shift 19
	'['  shift 20
	.  error

	tipo  goto 21
	tipoCompuesto  goto 47


state 40
	parametro : ID ':' tipo .  (38)

	.  reduce 38


state 41
	funcion : DEF ID '(' parametros ')' ':' . tipoReturn body  (6)

	INT  shift 16
	DOUBLE  shift 17
	CHAR  shift 18
	VOID  shift 48
	.  error

	tipoReturn  goto 49
	tipo  goto 50


state 42
	parametrosAUX : parametrosAUX ',' parametro .  (37)

	.  reduce 37


state 43
	main : DEF MAIN '(' ')' ':' VOID . body  (7)

	'{'  shift 51
	.  error

	body  goto 52


state 44
	variablesStruct : ident ':' . tipoCompuesto ';'  (54)

	INT  shift 16
	DOUBLE  shift 17
	CHAR  shift 18
	STRUCT  shift 19
	'['  shift 20
	.  error

	tipo  goto 21
	tipoCompuesto  goto 53


state 45
	tipoCompuesto : STRUCT '{' bodyStruct '}' .  (49)

	.  reduce 49


state 46
	bodyStruct : bodyStruct variablesStruct .  (53)

	.  reduce 53


state 47
	tipoCompuesto : '[' INT_CONSTANT ']' tipoCompuesto .  (48)

	.  reduce 48


state 48
	tipoReturn : VOID .  (51)

	.  reduce 51


state 49
	funcion : DEF ID '(' parametros ')' ':' tipoReturn . body  (6)

	'{'  shift 51
	.  error

	body  goto 54


state 50
	tipoReturn : tipo .  (50)

	.  reduce 50


state 51
	body : '{' . variables sentencias '}'  (8)
	body : '{' . '}'  (9)
	body : '{' . sentencias '}'  (10)
	body : '{' . variables '}'  (11)

	INT_CONSTANT  shift 55
	REAL_CONSTANT  shift 56
	ID  shift 57
	CHAR_CONSTANT  shift 58
	INPUT  shift 59
	PRINT  shift 60
	WHILE  shift 61
	IF  shift 62
	RETURN  shift 63
	'-'  shift 64
	'!'  shift 65
	'('  shift 66
	'}'  shift 67
	.  error

	variable  goto 68
	variables  goto 69
	sentencias  goto 70
	sentencia  goto 71
	expression  goto 72
	while  goto 73
	print  goto 74
	input  goto 75
	if  goto 76
	ifSimple  goto 77
	invocation  goto 78
	assignment  goto 79
	ident  goto 9
	cast  goto 80


state 52
	main : DEF MAIN '(' ')' ':' VOID body .  (7)

	.  reduce 7


state 53
	variablesStruct : ident ':' tipoCompuesto . ';'  (54)

	';'  shift 81
	.  error


state 54
	funcion : DEF ID '(' parametros ')' ':' tipoReturn body .  (6)

	.  reduce 6


state 55
	expression : INT_CONSTANT .  (79)

	.  reduce 79


state 56
	expression : REAL_CONSTANT .  (78)

	.  reduce 78


state 57
	invocation : ID . '(' paramsInvocation ')'  (22)
	ident : ID .  (42)
	expression : ID .  (57)

	'('  shift 82
	MENORIGUAL  reduce 57
	MAYORIGUAL  reduce 57
	EQUIVALENTE  reduce 57
	DISTINTO  reduce 57
	OR  reduce 57
	AND  reduce 57
	AND_EQUALS  reduce 57
	OR_EQUALS  reduce 57
	'='  reduce 57
	'>'  reduce 57
	'<'  reduce 57
	'+'  reduce 57
	'-'  reduce 57
	'*'  reduce 57
	'/'  reduce 57
	'%'  reduce 57
	'.'  reduce 57
	'['  reduce 57
	':'  reduce 42
	','  reduce 42


state 58
	expression : CHAR_CONSTANT .  (80)

	.  reduce 80


state 59
	input : INPUT . expressiones ';'  (86)

	INT_CONSTANT  shift 55
	REAL_CONSTANT  shift 56
	ID  shift 83
	CHAR_CONSTANT  shift 58
	'-'  shift 64
	'!'  shift 65
	'('  shift 66
	.  error

	expression  goto 84
	invocation  goto 85
	expressiones  goto 86
	cast  goto 80


state 60
	print : PRINT . expressiones ';'  (85)

	INT_CONSTANT  shift 55
	REAL_CONSTANT  shift 56
	ID  shift 83
	CHAR_CONSTANT  shift 58
	'-'  shift 64
	'!'  shift 65
	'('  shift 66
	.  error

	expression  goto 84
	invocation  goto 85
	expressiones  goto 87
	cast  goto 80


state 61
	while : WHILE . expression ':' '{' sentencias '}'  (84)

	INT_CONSTANT  shift 55
	REAL_CONSTANT  shift 56
	ID  shift 83
	CHAR_CONSTANT  shift 58
	'-'  shift 64
	'!'  shift 65
	'('  shift 66
	.  error

	expression  goto 88
	invocation  goto 85
	cast  goto 80


state 62
	if : IF . expression ':' sentencia ELSE sentencia  (28)
	if : IF . expression ':' sentencia ELSE '{' sentencias '}'  (29)
	if : IF . expression ':' '{' sentencias '}' ELSE sentencia  (30)
	if : IF . expression ':' '{' sentencias '}' ELSE '{' sentencias '}'  (31)
	ifSimple : IF . expression ':' sentencia  (32)
	ifSimple : IF . expression ':' '{' sentencias '}'  (33)

	INT_CONSTANT  shift 55
	REAL_CONSTANT  shift 56
	ID  shift 83
	CHAR_CONSTANT  shift 58
	'-'  shift 64
	'!'  shift 65
	'('  shift 66
	.  error

	expression  goto 89
	invocation  goto 85
	cast  goto 80


state 63
	sentencia : RETURN . expression ';'  (14)

	INT_CONSTANT  shift 55
	REAL_CONSTANT  shift 56
	ID  shift 83
	CHAR_CONSTANT  shift 58
	'-'  shift 64
	'!'  shift 65
	'('  shift 66
	.  error

	expression  goto 90
	invocation  goto 85
	cast  goto 80


state 64
	expression : '-' . expression  (67)

	INT_CONSTANT  shift 55
	REAL_CONSTANT  shift 56
	ID  shift 83
	CHAR_CONSTANT  shift 58
	'-'  shift 64
	'!'  shift 65
	'('  shift 66
	.  error

	expression  goto 91
	invocation  goto 85
	cast  goto 80


state 65
	expression : '!' . expression  (66)

	INT_CONSTANT  shift 55
	REAL_CONSTANT  shift 56
	ID  shift 83
	CHAR_CONSTANT  shift 58
	'-'  shift 64
	'!'  shift 65
	'('  shift 66
	.  error

	expression  goto 92
	invocation  goto 85
	cast  goto 80


state 66
	expression : '(' . expression ')'  (64)
	cast : '(' . tipo ')' expression  (83)

	INT_CONSTANT  shift 55
	REAL_CONSTANT  shift 56
	ID  shift 83
	CHAR_CONSTANT  shift 58
	INT  shift 16
	DOUBLE  shift 17
	CHAR  shift 18
	'-'  shift 64
	'!'  shift 65
	'('  shift 66
	.  error

	expression  goto 93
	invocation  goto 85
	tipo  goto 94
	cast  goto 80


state 67
	body : '{' '}' .  (9)

	.  reduce 9


state 68
	variables : variable .  (39)

	.  reduce 39


state 69
	body : '{' variables . sentencias '}'  (8)
	body : '{' variables . '}'  (11)
	variables : variables . variable  (40)

	INT_CONSTANT  shift 55
	REAL_CONSTANT  shift 56
	ID  shift 57
	CHAR_CONSTANT  shift 58
	INPUT  shift 59
	PRINT  shift 60
	WHILE  shift 61
	IF  shift 62
	RETURN  shift 63
	'-'  shift 64
	'!'  shift 65
	'('  shift 66
	'}'  shift 95
	.  error

	variable  goto 96
	sentencias  goto 97
	sentencia  goto 71
	expression  goto 72
	while  goto 73
	print  goto 74
	input  goto 75
	if  goto 76
	ifSimple  goto 77
	invocation  goto 78
	assignment  goto 79
	ident  goto 9
	cast  goto 80


state 70
	body : '{' sentencias . '}'  (10)
	sentencias : sentencias . sentencia  (13)

	INT_CONSTANT  shift 55
	REAL_CONSTANT  shift 56
	ID  shift 83
	CHAR_CONSTANT  shift 58
	INPUT  shift 59
	PRINT  shift 60
	WHILE  shift 61
	IF  shift 62
	RETURN  shift 63
	'-'  shift 64
	'!'  shift 65
	'('  shift 66
	'}'  shift 98
	.  error

	sentencia  goto 99
	expression  goto 72
	while  goto 73
	print  goto 74
	input  goto 75
	if  goto 76
	ifSimple  goto 77
	invocation  goto 78
	assignment  goto 79
	cast  goto 80


state 71
	sentencias : sentencia .  (12)

	.  reduce 12


state 72
	assignment : expression . '=' expression ';'  (25)
	assignment : expression . AND_EQUALS expression ';'  (26)
	assignment : expression . OR_EQUALS expression ';'  (27)
	expression : expression . '+' expression  (58)
	expression : expression . '-' expression  (59)
	expression : expression . '*' expression  (60)
	expression : expression . '/' expression  (61)
	expression : expression . '%' expression  (62)
	expression : expression . '.' ID  (63)
	expression : expression . '[' expression ']'  (65)
	expression : expression . '>' expression  (68)
	expression : expression . '<' expression  (69)
	expression : expression . DISTINTO expression  (70)
	expression : expression . MAYORIGUAL expression  (71)
	expression : expression . MENORIGUAL expression  (72)
	expression : expression . EQUIVALENTE expression  (73)
	expression : expression . AND expression  (74)
	expression : expression . OR expression  (75)
	expression : expression . AND_EQUALS expression  (76)
	expression : expression . OR_EQUALS expression  (77)

	MENORIGUAL  shift 100
	MAYORIGUAL  shift 101
	EQUIVALENTE  shift 102
	DISTINTO  shift 103
	OR  shift 104
	AND  shift 105
	AND_EQUALS  shift 106
	OR_EQUALS  shift 107
	'='  shift 108
	'>'  shift 109
	'<'  shift 110
	'+'  shift 111
	'-'  shift 112
	'*'  shift 113
	'/'  shift 114
	'%'  shift 115
	'.'  shift 116
	'['  shift 117
	.  error


state 73
	sentencia : while .  (15)

	.  reduce 15


state 74
	sentencia : print .  (16)

	.  reduce 16


state 75
	sentencia : input .  (17)

	.  reduce 17


state 76
	sentencia : if .  (18)

	.  reduce 18


state 77
	sentencia : ifSimple .  (19)

	.  reduce 19


state 78
	sentencia : invocation . ';'  (20)
	expression : invocation .  (82)

	';'  shift 118
	MENORIGUAL  reduce 82
	MAYORIGUAL  reduce 82
	EQUIVALENTE  reduce 82
	DISTINTO  reduce 82
	OR  reduce 82
	AND  reduce 82
	AND_EQUALS  reduce 82
	OR_EQUALS  reduce 82
	'='  reduce 82
	'>'  reduce 82
	'<'  reduce 82
	'+'  reduce 82
	'-'  reduce 82
	'*'  reduce 82
	'/'  reduce 82
	'%'  reduce 82
	'.'  reduce 82
	'['  reduce 82


state 79
	sentencia : assignment .  (21)

	.  reduce 21


state 80
	expression : cast .  (81)

	.  reduce 81


state 81
	variablesStruct : ident ':' tipoCompuesto ';' .  (54)

	.  reduce 54


state 82
	invocation : ID '(' . paramsInvocation ')'  (22)
	paramsInvocation : .  (24)

	INT_CONSTANT  shift 55
	REAL_CONSTANT  shift 56
	ID  shift 83
	CHAR_CONSTANT  shift 58
	'-'  shift 64
	'!'  shift 65
	'('  shift 66
	')'  reduce 24

	expression  goto 84
	invocation  goto 85
	paramsInvocation  goto 119
	expressiones  goto 120
	cast  goto 80


state 83
	invocation : ID . '(' paramsInvocation ')'  (22)
	expression : ID .  (57)

	'('  shift 82
	MENORIGUAL  reduce 57
	MAYORIGUAL  reduce 57
	EQUIVALENTE  reduce 57
	DISTINTO  reduce 57
	OR  reduce 57
	AND  reduce 57
	AND_EQUALS  reduce 57
	OR_EQUALS  reduce 57
	'='  reduce 57
	'>'  reduce 57
	'<'  reduce 57
	'+'  reduce 57
	'-'  reduce 57
	'*'  reduce 57
	'/'  reduce 57
	'%'  reduce 57
	'.'  reduce 57
	'['  reduce 57
	']'  reduce 57
	')'  reduce 57
	':'  reduce 57
	';'  reduce 57
	','  reduce 57


state 84
	expressiones : expression .  (55)
	expression : expression . '+' expression  (58)
	expression : expression . '-' expression  (59)
	expression : expression . '*' expression  (60)
	expression : expression . '/' expression  (61)
	expression : expression . '%' expression  (62)
	expression : expression . '.' ID  (63)
	expression : expression . '[' expression ']'  (65)
	expression : expression . '>' expression  (68)
	expression : expression . '<' expression  (69)
	expression : expression . DISTINTO expression  (70)
	expression : expression . MAYORIGUAL expression  (71)
	expression : expression . MENORIGUAL expression  (72)
	expression : expression . EQUIVALENTE expression  (73)
	expression : expression . AND expression  (74)
	expression : expression . OR expression  (75)
	expression : expression . AND_EQUALS expression  (76)
	expression : expression . OR_EQUALS expression  (77)

	MENORIGUAL  shift 100
	MAYORIGUAL  shift 101
	EQUIVALENTE  shift 102
	DISTINTO  shift 103
	OR  shift 104
	AND  shift 105
	AND_EQUALS  shift 121
	OR_EQUALS  shift 122
	'>'  shift 109
	'<'  shift 110
	'+'  shift 111
	'-'  shift 112
	'*'  shift 113
	'/'  shift 114
	'%'  shift 115
	'.'  shift 116
	'['  shift 117
	')'  reduce 55
	';'  reduce 55
	','  reduce 55


state 85
	expression : invocation .  (82)

	.  reduce 82


state 86
	expressiones : expressiones . ',' expression  (56)
	input : INPUT expressiones . ';'  (86)

	';'  shift 123
	','  shift 124
	.  error


state 87
	expressiones : expressiones . ',' expression  (56)
	print : PRINT expressiones . ';'  (85)

	';'  shift 125
	','  shift 124
	.  error


state 88
	expression : expression . '+' expression  (58)
	expression : expression . '-' expression  (59)
	expression : expression . '*' expression  (60)
	expression : expression . '/' expression  (61)
	expression : expression . '%' expression  (62)
	expression : expression . '.' ID  (63)
	expression : expression . '[' expression ']'  (65)
	expression : expression . '>' expression  (68)
	expression : expression . '<' expression  (69)
	expression : expression . DISTINTO expression  (70)
	expression : expression . MAYORIGUAL expression  (71)
	expression : expression . MENORIGUAL expression  (72)
	expression : expression . EQUIVALENTE expression  (73)
	expression : expression . AND expression  (74)
	expression : expression . OR expression  (75)
	expression : expression . AND_EQUALS expression  (76)
	expression : expression . OR_EQUALS expression  (77)
	while : WHILE expression . ':' '{' sentencias '}'  (84)

	MENORIGUAL  shift 100
	MAYORIGUAL  shift 101
	EQUIVALENTE  shift 102
	DISTINTO  shift 103
	OR  shift 104
	AND  shift 105
	AND_EQUALS  shift 121
	OR_EQUALS  shift 122
	'>'  shift 109
	'<'  shift 110
	'+'  shift 111
	'-'  shift 112
	'*'  shift 113
	'/'  shift 114
	'%'  shift 115
	'.'  shift 116
	'['  shift 117
	':'  shift 126
	.  error


state 89
	if : IF expression . ':' sentencia ELSE sentencia  (28)
	if : IF expression . ':' sentencia ELSE '{' sentencias '}'  (29)
	if : IF expression . ':' '{' sentencias '}' ELSE sentencia  (30)
	if : IF expression . ':' '{' sentencias '}' ELSE '{' sentencias '}'  (31)
	ifSimple : IF expression . ':' sentencia  (32)
	ifSimple : IF expression . ':' '{' sentencias '}'  (33)
	expression : expression . '+' expression  (58)
	expression : expression . '-' expression  (59)
	expression : expression . '*' expression  (60)
	expression : expression . '/' expression  (61)
	expression : expression . '%' expression  (62)
	expression : expression . '.' ID  (63)
	expression : expression . '[' expression ']'  (65)
	expression : expression . '>' expression  (68)
	expression : expression . '<' expression  (69)
	expression : expression . DISTINTO expression  (70)
	expression : expression . MAYORIGUAL expression  (71)
	expression : expression . MENORIGUAL expression  (72)
	expression : expression . EQUIVALENTE expression  (73)
	expression : expression . AND expression  (74)
	expression : expression . OR expression  (75)
	expression : expression . AND_EQUALS expression  (76)
	expression : expression . OR_EQUALS expression  (77)

	MENORIGUAL  shift 100
	MAYORIGUAL  shift 101
	EQUIVALENTE  shift 102
	DISTINTO  shift 103
	OR  shift 104
	AND  shift 105
	AND_EQUALS  shift 121
	OR_EQUALS  shift 122
	'>'  shift 109
	'<'  shift 110
	'+'  shift 111
	'-'  shift 112
	'*'  shift 113
	'/'  shift 114
	'%'  shift 115
	'.'  shift 116
	'['  shift 117
	':'  shift 127
	.  error


state 90
	sentencia : RETURN expression . ';'  (14)
	expression : expression . '+' expression  (58)
	expression : expression . '-' expression  (59)
	expression : expression . '*' expression  (60)
	expression : expression . '/' expression  (61)
	expression : expression . '%' expression  (62)
	expression : expression . '.' ID  (63)
	expression : expression . '[' expression ']'  (65)
	expression : expression . '>' expression  (68)
	expression : expression . '<' expression  (69)
	expression : expression . DISTINTO expression  (70)
	expression : expression . MAYORIGUAL expression  (71)
	expression : expression . MENORIGUAL expression  (72)
	expression : expression . EQUIVALENTE expression  (73)
	expression : expression . AND expression  (74)
	expression : expression . OR expression  (75)
	expression : expression . AND_EQUALS expression  (76)
	expression : expression . OR_EQUALS expression  (77)

	MENORIGUAL  shift 100
	MAYORIGUAL  shift 101
	EQUIVALENTE  shift 102
	DISTINTO  shift 103
	OR  shift 104
	AND  shift 105
	AND_EQUALS  shift 121
	OR_EQUALS  shift 122
	'>'  shift 109
	'<'  shift 110
	'+'  shift 111
	'-'  shift 112
	'*'  shift 113
	'/'  shift 114
	'%'  shift 115
	'.'  shift 116
	'['  shift 117
	';'  shift 128
	.  error


state 91
	expression : expression . '+' expression  (58)
	expression : expression . '-' expression  (59)
	expression : expression . '*' expression  (60)
	expression : expression . '/' expression  (61)
	expression : expression . '%' expression  (62)
	expression : expression . '.' ID  (63)
	expression : expression . '[' expression ']'  (65)
	expression : '-' expression .  (67)
	expression : expression . '>' expression  (68)
	expression : expression . '<' expression  (69)
	expression : expression . DISTINTO expression  (70)
	expression : expression . MAYORIGUAL expression  (71)
	expression : expression . MENORIGUAL expression  (72)
	expression : expression . EQUIVALENTE expression  (73)
	expression : expression . AND expression  (74)
	expression : expression . OR expression  (75)
	expression : expression . AND_EQUALS expression  (76)
	expression : expression . OR_EQUALS expression  (77)

	'*'  shift 113
	'/'  shift 114
	'%'  shift 115
	'.'  shift 116
	'['  shift 117
	MENORIGUAL  reduce 67
	MAYORIGUAL  reduce 67
	EQUIVALENTE  reduce 67
	DISTINTO  reduce 67
	OR  reduce 67
	AND  reduce 67
	AND_EQUALS  reduce 67
	OR_EQUALS  reduce 67
	'='  reduce 67
	'>'  reduce 67
	'<'  reduce 67
	'+'  reduce 67
	'-'  reduce 67
	']'  reduce 67
	')'  reduce 67
	':'  reduce 67
	';'  reduce 67
	','  reduce 67


state 92
	expression : expression . '+' expression  (58)
	expression : expression . '-' expression  (59)
	expression : expression . '*' expression  (60)
	expression : expression . '/' expression  (61)
	expression : expression . '%' expression  (62)
	expression : expression . '.' ID  (63)
	expression : expression . '[' expression ']'  (65)
	expression : '!' expression .  (66)
	expression : expression . '>' expression  (68)
	expression : expression . '<' expression  (69)
	expression : expression . DISTINTO expression  (70)
	expression : expression . MAYORIGUAL expression  (71)
	expression : expression . MENORIGUAL expression  (72)
	expression : expression . EQUIVALENTE expression  (73)
	expression : expression . AND expression  (74)
	expression : expression . OR expression  (75)
	expression : expression . AND_EQUALS expression  (76)
	expression : expression . OR_EQUALS expression  (77)

	'.'  shift 116
	'['  shift 117
	MENORIGUAL  reduce 66
	MAYORIGUAL  reduce 66
	EQUIVALENTE  reduce 66
	DISTINTO  reduce 66
	OR  reduce 66
	AND  reduce 66
	AND_EQUALS  reduce 66
	OR_EQUALS  reduce 66
	'='  reduce 66
	'>'  reduce 66
	'<'  reduce 66
	'+'  reduce 66
	'-'  reduce 66
	'*'  reduce 66
	'/'  reduce 66
	'%'  reduce 66
	']'  reduce 66
	')'  reduce 66
	':'  reduce 66
	';'  reduce 66
	','  reduce 66


state 93
	expression : expression . '+' expression  (58)
	expression : expression . '-' expression  (59)
	expression : expression . '*' expression  (60)
	expression : expression . '/' expression  (61)
	expression : expression . '%' expression  (62)
	expression : expression . '.' ID  (63)
	expression : '(' expression . ')'  (64)
	expression : expression . '[' expression ']'  (65)
	expression : expression . '>' expression  (68)
	expression : expression . '<' expression  (69)
	expression : expression . DISTINTO expression  (70)
	expression : expression . MAYORIGUAL expression  (71)
	expression : expression . MENORIGUAL expression  (72)
	expression : expression . EQUIVALENTE expression  (73)
	expression : expression . AND expression  (74)
	expression : expression . OR expression  (75)
	expression : expression . AND_EQUALS expression  (76)
	expression : expression . OR_EQUALS expression  (77)

	MENORIGUAL  shift 100
	MAYORIGUAL  shift 101
	EQUIVALENTE  shift 102
	DISTINTO  shift 103
	OR  shift 104
	AND  shift 105
	AND_EQUALS  shift 121
	OR_EQUALS  shift 122
	'>'  shift 109
	'<'  shift 110
	'+'  shift 111
	'-'  shift 112
	'*'  shift 113
	'/'  shift 114
	'%'  shift 115
	'.'  shift 116
	'['  shift 117
	')'  shift 129
	.  error


state 94
	cast : '(' tipo . ')' expression  (83)

	')'  shift 130
	.  error


state 95
	body : '{' variables '}' .  (11)

	.  reduce 11


state 96
	variables : variables variable .  (40)

	.  reduce 40


state 97
	body : '{' variables sentencias . '}'  (8)
	sentencias : sentencias . sentencia  (13)

	INT_CONSTANT  shift 55
	REAL_CONSTANT  shift 56
	ID  shift 83
	CHAR_CONSTANT  shift 58
	INPUT  shift 59
	PRINT  shift 60
	WHILE  shift 61
	IF  shift 62
	RETURN  shift 63
	'-'  shift 64
	'!'  shift 65
	'('  shift 66
	'}'  shift 131
	.  error

	sentencia  goto 99
	expression  goto 72
	while  goto 73
	print  goto 74
	input  goto 75
	if  goto 76
	ifSimple  goto 77
	invocation  goto 78
	assignment  goto 79
	cast  goto 80


state 98
	body : '{' sentencias '}' .  (10)

	.  reduce 10


state 99
	sentencias : sentencias sentencia .  (13)

	.  reduce 13


state 100
	expression : expression MENORIGUAL . expression  (72)

	INT_CONSTANT  shift 55
	REAL_CONSTANT  shift 56
	ID  shift 83
	CHAR_CONSTANT  shift 58
	'-'  shift 64
	'!'  shift 65
	'('  shift 66
	.  error

	expression  goto 132
	invocation  goto 85
	cast  goto 80


state 101
	expression : expression MAYORIGUAL . expression  (71)

	INT_CONSTANT  shift 55
	REAL_CONSTANT  shift 56
	ID  shift 83
	CHAR_CONSTANT  shift 58
	'-'  shift 64
	'!'  shift 65
	'('  shift 66
	.  error

	expression  goto 133
	invocation  goto 85
	cast  goto 80


state 102
	expression : expression EQUIVALENTE . expression  (73)

	INT_CONSTANT  shift 55
	REAL_CONSTANT  shift 56
	ID  shift 83
	CHAR_CONSTANT  shift 58
	'-'  shift 64
	'!'  shift 65
	'('  shift 66
	.  error

	expression  goto 134
	invocation  goto 85
	cast  goto 80


state 103
	expression : expression DISTINTO . expression  (70)

	INT_CONSTANT  shift 55
	REAL_CONSTANT  shift 56
	ID  shift 83
	CHAR_CONSTANT  shift 58
	'-'  shift 64
	'!'  shift 65
	'('  shift 66
	.  error

	expression  goto 135
	invocation  goto 85
	cast  goto 80


state 104
	expression : expression OR . expression  (75)

	INT_CONSTANT  shift 55
	REAL_CONSTANT  shift 56
	ID  shift 83
	CHAR_CONSTANT  shift 58
	'-'  shift 64
	'!'  shift 65
	'('  shift 66
	.  error

	expression  goto 136
	invocation  goto 85
	cast  goto 80


state 105
	expression : expression AND . expression  (74)

	INT_CONSTANT  shift 55
	REAL_CONSTANT  shift 56
	ID  shift 83
	CHAR_CONSTANT  shift 58
	'-'  shift 64
	'!'  shift 65
	'('  shift 66
	.  error

	expression  goto 137
	invocation  goto 85
	cast  goto 80


state 106
	assignment : expression AND_EQUALS . expression ';'  (26)
	expression : expression AND_EQUALS . expression  (76)

	INT_CONSTANT  shift 55
	REAL_CONSTANT  shift 56
	ID  shift 83
	CHAR_CONSTANT  shift 58
	'-'  shift 64
	'!'  shift 65
	'('  shift 66
	.  error

	expression  goto 138
	invocation  goto 85
	cast  goto 80


state 107
	assignment : expression OR_EQUALS . expression ';'  (27)
	expression : expression OR_EQUALS . expression  (77)

	INT_CONSTANT  shift 55
	REAL_CONSTANT  shift 56
	ID  shift 83
	CHAR_CONSTANT  shift 58
	'-'  shift 64
	'!'  shift 65
	'('  shift 66
	.  error

	expression  goto 139
	invocation  goto 85
	cast  goto 80


state 108
	assignment : expression '=' . expression ';'  (25)

	INT_CONSTANT  shift 55
	REAL_CONSTANT  shift 56
	ID  shift 83
	CHAR_CONSTANT  shift 58
	'-'  shift 64
	'!'  shift 65
	'('  shift 66
	.  error

	expression  goto 140
	invocation  goto 85
	cast  goto 80


state 109
	expression : expression '>' . expression  (68)

	INT_CONSTANT  shift 55
	REAL_CONSTANT  shift 56
	ID  shift 83
	CHAR_CONSTANT  shift 58
	'-'  shift 64
	'!'  shift 65
	'('  shift 66
	.  error

	expression  goto 141
	invocation  goto 85
	cast  goto 80


state 110
	expression : expression '<' . expression  (69)

	INT_CONSTANT  shift 55
	REAL_CONSTANT  shift 56
	ID  shift 83
	CHAR_CONSTANT  shift 58
	'-'  shift 64
	'!'  shift 65
	'('  shift 66
	.  error

	expression  goto 142
	invocation  goto 85
	cast  goto 80


state 111
	expression : expression '+' . expression  (58)

	INT_CONSTANT  shift 55
	REAL_CONSTANT  shift 56
	ID  shift 83
	CHAR_CONSTANT  shift 58
	'-'  shift 64
	'!'  shift 65
	'('  shift 66
	.  error

	expression  goto 143
	invocation  goto 85
	cast  goto 80


state 112
	expression : expression '-' . expression  (59)

	INT_CONSTANT  shift 55
	REAL_CONSTANT  shift 56
	ID  shift 83
	CHAR_CONSTANT  shift 58
	'-'  shift 64
	'!'  shift 65
	'('  shift 66
	.  error

	expression  goto 144
	invocation  goto 85
	cast  goto 80


state 113
	expression : expression '*' . expression  (60)

	INT_CONSTANT  shift 55
	REAL_CONSTANT  shift 56
	ID  shift 83
	CHAR_CONSTANT  shift 58
	'-'  shift 64
	'!'  shift 65
	'('  shift 66
	.  error

	expression  goto 145
	invocation  goto 85
	cast  goto 80


state 114
	expression : expression '/' . expression  (61)

	INT_CONSTANT  shift 55
	REAL_CONSTANT  shift 56
	ID  shift 83
	CHAR_CONSTANT  shift 58
	'-'  shift 64
	'!'  shift 65
	'('  shift 66
	.  error

	expression  goto 146
	invocation  goto 85
	cast  goto 80


state 115
	expression : expression '%' . expression  (62)

	INT_CONSTANT  shift 55
	REAL_CONSTANT  shift 56
	ID  shift 83
	CHAR_CONSTANT  shift 58
	'-'  shift 64
	'!'  shift 65
	'('  shift 66
	.  error

	expression  goto 147
	invocation  goto 85
	cast  goto 80


state 116
	expression : expression '.' . ID  (63)

	ID  shift 148
	.  error


state 117
	expression : expression '[' . expression ']'  (65)

	INT_CONSTANT  shift 55
	REAL_CONSTANT  shift 56
	ID  shift 83
	CHAR_CONSTANT  shift 58
	'-'  shift 64
	'!'  shift 65
	'('  shift 66
	.  error

	expression  goto 149
	invocation  goto 85
	cast  goto 80


state 118
	sentencia : invocation ';' .  (20)

	.  reduce 20


state 119
	invocation : ID '(' paramsInvocation . ')'  (22)

	')'  shift 150
	.  error


state 120
	paramsInvocation : expressiones .  (23)
	expressiones : expressiones . ',' expression  (56)

	','  shift 124
	')'  reduce 23


state 121
	expression : expression AND_EQUALS . expression  (76)

	INT_CONSTANT  shift 55
	REAL_CONSTANT  shift 56
	ID  shift 83
	CHAR_CONSTANT  shift 58
	'-'  shift 64
	'!'  shift 65
	'('  shift 66
	.  error

	expression  goto 151
	invocation  goto 85
	cast  goto 80


state 122
	expression : expression OR_EQUALS . expression  (77)

	INT_CONSTANT  shift 55
	REAL_CONSTANT  shift 56
	ID  shift 83
	CHAR_CONSTANT  shift 58
	'-'  shift 64
	'!'  shift 65
	'('  shift 66
	.  error

	expression  goto 152
	invocation  goto 85
	cast  goto 80


state 123
	input : INPUT expressiones ';' .  (86)

	.  reduce 86


state 124
	expressiones : expressiones ',' . expression  (56)

	INT_CONSTANT  shift 55
	REAL_CONSTANT  shift 56
	ID  shift 83
	CHAR_CONSTANT  shift 58
	'-'  shift 64
	'!'  shift 65
	'('  shift 66
	.  error

	expression  goto 153
	invocation  goto 85
	cast  goto 80


state 125
	print : PRINT expressiones ';' .  (85)

	.  reduce 85


state 126
	while : WHILE expression ':' . '{' sentencias '}'  (84)

	'{'  shift 154
	.  error


state 127
	if : IF expression ':' . sentencia ELSE sentencia  (28)
	if : IF expression ':' . sentencia ELSE '{' sentencias '}'  (29)
	if : IF expression ':' . '{' sentencias '}' ELSE sentencia  (30)
	if : IF expression ':' . '{' sentencias '}' ELSE '{' sentencias '}'  (31)
	ifSimple : IF expression ':' . sentencia  (32)
	ifSimple : IF expression ':' . '{' sentencias '}'  (33)

	INT_CONSTANT  shift 55
	REAL_CONSTANT  shift 56
	ID  shift 83
	CHAR_CONSTANT  shift 58
	INPUT  shift 59
	PRINT  shift 60
	WHILE  shift 61
	IF  shift 62
	RETURN  shift 63
	'-'  shift 64
	'!'  shift 65
	'('  shift 66
	'{'  shift 155
	.  error

	sentencia  goto 156
	expression  goto 72
	while  goto 73
	print  goto 74
	input  goto 75
	if  goto 76
	ifSimple  goto 77
	invocation  goto 78
	assignment  goto 79
	cast  goto 80


state 128
	sentencia : RETURN expression ';' .  (14)

	.  reduce 14


state 129
	expression : '(' expression ')' .  (64)

	.  reduce 64


state 130
	cast : '(' tipo ')' . expression  (83)

	INT_CONSTANT  shift 55
	REAL_CONSTANT  shift 56
	ID  shift 83
	CHAR_CONSTANT  shift 58
	'-'  shift 64
	'!'  shift 65
	'('  shift 66
	.  error

	expression  goto 157
	invocation  goto 85
	cast  goto 80


state 131
	body : '{' variables sentencias '}' .  (8)

	.  reduce 8


state 132
	expression : expression . '+' expression  (58)
	expression : expression . '-' expression  (59)
	expression : expression . '*' expression  (60)
	expression : expression . '/' expression  (61)
	expression : expression . '%' expression  (62)
	expression : expression . '.' ID  (63)
	expression : expression . '[' expression ']'  (65)
	expression : expression . '>' expression  (68)
	expression : expression . '<' expression  (69)
	expression : expression . DISTINTO expression  (70)
	expression : expression . MAYORIGUAL expression  (71)
	expression : expression . MENORIGUAL expression  (72)
	expression : expression MENORIGUAL expression .  (72)
	expression : expression . EQUIVALENTE expression  (73)
	expression : expression . AND expression  (74)
	expression : expression . OR expression  (75)
	expression : expression . AND_EQUALS expression  (76)
	expression : expression . OR_EQUALS expression  (77)

	'+'  shift 111
	'-'  shift 112
	'*'  shift 113
	'/'  shift 114
	'%'  shift 115
	'.'  shift 116
	'['  shift 117
	MENORIGUAL  reduce 72
	MAYORIGUAL  reduce 72
	EQUIVALENTE  reduce 72
	DISTINTO  reduce 72
	OR  reduce 72
	AND  reduce 72
	AND_EQUALS  reduce 72
	OR_EQUALS  reduce 72
	'='  reduce 72
	'>'  reduce 72
	'<'  reduce 72
	']'  reduce 72
	')'  reduce 72
	':'  reduce 72
	';'  reduce 72
	','  reduce 72


state 133
	expression : expression . '+' expression  (58)
	expression : expression . '-' expression  (59)
	expression : expression . '*' expression  (60)
	expression : expression . '/' expression  (61)
	expression : expression . '%' expression  (62)
	expression : expression . '.' ID  (63)
	expression : expression . '[' expression ']'  (65)
	expression : expression . '>' expression  (68)
	expression : expression . '<' expression  (69)
	expression : expression . DISTINTO expression  (70)
	expression : expression . MAYORIGUAL expression  (71)
	expression : expression MAYORIGUAL expression .  (71)
	expression : expression . MENORIGUAL expression  (72)
	expression : expression . EQUIVALENTE expression  (73)
	expression : expression . AND expression  (74)
	expression : expression . OR expression  (75)
	expression : expression . AND_EQUALS expression  (76)
	expression : expression . OR_EQUALS expression  (77)

	'+'  shift 111
	'-'  shift 112
	'*'  shift 113
	'/'  shift 114
	'%'  shift 115
	'.'  shift 116
	'['  shift 117
	MENORIGUAL  reduce 71
	MAYORIGUAL  reduce 71
	EQUIVALENTE  reduce 71
	DISTINTO  reduce 71
	OR  reduce 71
	AND  reduce 71
	AND_EQUALS  reduce 71
	OR_EQUALS  reduce 71
	'='  reduce 71
	'>'  reduce 71
	'<'  reduce 71
	']'  reduce 71
	')'  reduce 71
	':'  reduce 71
	';'  reduce 71
	','  reduce 71


state 134
	expression : expression . '+' expression  (58)
	expression : expression . '-' expression  (59)
	expression : expression . '*' expression  (60)
	expression : expression . '/' expression  (61)
	expression : expression . '%' expression  (62)
	expression : expression . '.' ID  (63)
	expression : expression . '[' expression ']'  (65)
	expression : expression . '>' expression  (68)
	expression : expression . '<' expression  (69)
	expression : expression . DISTINTO expression  (70)
	expression : expression . MAYORIGUAL expression  (71)
	expression : expression . MENORIGUAL expression  (72)
	expression : expression . EQUIVALENTE expression  (73)
	expression : expression EQUIVALENTE expression .  (73)
	expression : expression . AND expression  (74)
	expression : expression . OR expression  (75)
	expression : expression . AND_EQUALS expression  (76)
	expression : expression . OR_EQUALS expression  (77)

	'+'  shift 111
	'-'  shift 112
	'*'  shift 113
	'/'  shift 114
	'%'  shift 115
	'.'  shift 116
	'['  shift 117
	MENORIGUAL  reduce 73
	MAYORIGUAL  reduce 73
	EQUIVALENTE  reduce 73
	DISTINTO  reduce 73
	OR  reduce 73
	AND  reduce 73
	AND_EQUALS  reduce 73
	OR_EQUALS  reduce 73
	'='  reduce 73
	'>'  reduce 73
	'<'  reduce 73
	']'  reduce 73
	')'  reduce 73
	':'  reduce 73
	';'  reduce 73
	','  reduce 73


state 135
	expression : expression . '+' expression  (58)
	expression : expression . '-' expression  (59)
	expression : expression . '*' expression  (60)
	expression : expression . '/' expression  (61)
	expression : expression . '%' expression  (62)
	expression : expression . '.' ID  (63)
	expression : expression . '[' expression ']'  (65)
	expression : expression . '>' expression  (68)
	expression : expression . '<' expression  (69)
	expression : expression . DISTINTO expression  (70)
	expression : expression DISTINTO expression .  (70)
	expression : expression . MAYORIGUAL expression  (71)
	expression : expression . MENORIGUAL expression  (72)
	expression : expression . EQUIVALENTE expression  (73)
	expression : expression . AND expression  (74)
	expression : expression . OR expression  (75)
	expression : expression . AND_EQUALS expression  (76)
	expression : expression . OR_EQUALS expression  (77)

	'+'  shift 111
	'-'  shift 112
	'*'  shift 113
	'/'  shift 114
	'%'  shift 115
	'.'  shift 116
	'['  shift 117
	MENORIGUAL  reduce 70
	MAYORIGUAL  reduce 70
	EQUIVALENTE  reduce 70
	DISTINTO  reduce 70
	OR  reduce 70
	AND  reduce 70
	AND_EQUALS  reduce 70
	OR_EQUALS  reduce 70
	'='  reduce 70
	'>'  reduce 70
	'<'  reduce 70
	']'  reduce 70
	')'  reduce 70
	':'  reduce 70
	';'  reduce 70
	','  reduce 70


state 136
	expression : expression . '+' expression  (58)
	expression : expression . '-' expression  (59)
	expression : expression . '*' expression  (60)
	expression : expression . '/' expression  (61)
	expression : expression . '%' expression  (62)
	expression : expression . '.' ID  (63)
	expression : expression . '[' expression ']'  (65)
	expression : expression . '>' expression  (68)
	expression : expression . '<' expression  (69)
	expression : expression . DISTINTO expression  (70)
	expression : expression . MAYORIGUAL expression  (71)
	expression : expression . MENORIGUAL expression  (72)
	expression : expression . EQUIVALENTE expression  (73)
	expression : expression . AND expression  (74)
	expression : expression . OR expression  (75)
	expression : expression OR expression .  (75)
	expression : expression . AND_EQUALS expression  (76)
	expression : expression . OR_EQUALS expression  (77)

	MENORIGUAL  shift 100
	MAYORIGUAL  shift 101
	EQUIVALENTE  shift 102
	DISTINTO  shift 103
	'>'  shift 109
	'<'  shift 110
	'+'  shift 111
	'-'  shift 112
	'*'  shift 113
	'/'  shift 114
	'%'  shift 115
	'.'  shift 116
	'['  shift 117
	OR  reduce 75
	AND  reduce 75
	AND_EQUALS  reduce 75
	OR_EQUALS  reduce 75
	'='  reduce 75
	']'  reduce 75
	')'  reduce 75
	':'  reduce 75
	';'  reduce 75
	','  reduce 75


state 137
	expression : expression . '+' expression  (58)
	expression : expression . '-' expression  (59)
	expression : expression . '*' expression  (60)
	expression : expression . '/' expression  (61)
	expression : expression . '%' expression  (62)
	expression : expression . '.' ID  (63)
	expression : expression . '[' expression ']'  (65)
	expression : expression . '>' expression  (68)
	expression : expression . '<' expression  (69)
	expression : expression . DISTINTO expression  (70)
	expression : expression . MAYORIGUAL expression  (71)
	expression : expression . MENORIGUAL expression  (72)
	expression : expression . EQUIVALENTE expression  (73)
	expression : expression . AND expression  (74)
	expression : expression AND expression .  (74)
	expression : expression . OR expression  (75)
	expression : expression . AND_EQUALS expression  (76)
	expression : expression . OR_EQUALS expression  (77)

	MENORIGUAL  shift 100
	MAYORIGUAL  shift 101
	EQUIVALENTE  shift 102
	DISTINTO  shift 103
	'>'  shift 109
	'<'  shift 110
	'+'  shift 111
	'-'  shift 112
	'*'  shift 113
	'/'  shift 114
	'%'  shift 115
	'.'  shift 116
	'['  shift 117
	OR  reduce 74
	AND  reduce 74
	AND_EQUALS  reduce 74
	OR_EQUALS  reduce 74
	'='  reduce 74
	']'  reduce 74
	')'  reduce 74
	':'  reduce 74
	';'  reduce 74
	','  reduce 74


state 138
	assignment : expression AND_EQUALS expression . ';'  (26)
	expression : expression . '+' expression  (58)
	expression : expression . '-' expression  (59)
	expression : expression . '*' expression  (60)
	expression : expression . '/' expression  (61)
	expression : expression . '%' expression  (62)
	expression : expression . '.' ID  (63)
	expression : expression . '[' expression ']'  (65)
	expression : expression . '>' expression  (68)
	expression : expression . '<' expression  (69)
	expression : expression . DISTINTO expression  (70)
	expression : expression . MAYORIGUAL expression  (71)
	expression : expression . MENORIGUAL expression  (72)
	expression : expression . EQUIVALENTE expression  (73)
	expression : expression . AND expression  (74)
	expression : expression . OR expression  (75)
	expression : expression . AND_EQUALS expression  (76)
	expression : expression AND_EQUALS expression .  (76)
	expression : expression . OR_EQUALS expression  (77)

	MENORIGUAL  shift 100
	MAYORIGUAL  shift 101
	EQUIVALENTE  shift 102
	DISTINTO  shift 103
	'>'  shift 109
	'<'  shift 110
	'+'  shift 111
	'-'  shift 112
	'*'  shift 113
	'/'  shift 114
	'%'  shift 115
	'.'  shift 116
	'['  shift 117
	';'  shift 158
	OR  reduce 76
	AND  reduce 76
	AND_EQUALS  reduce 76
	OR_EQUALS  reduce 76
	'='  reduce 76


state 139
	assignment : expression OR_EQUALS expression . ';'  (27)
	expression : expression . '+' expression  (58)
	expression : expression . '-' expression  (59)
	expression : expression . '*' expression  (60)
	expression : expression . '/' expression  (61)
	expression : expression . '%' expression  (62)
	expression : expression . '.' ID  (63)
	expression : expression . '[' expression ']'  (65)
	expression : expression . '>' expression  (68)
	expression : expression . '<' expression  (69)
	expression : expression . DISTINTO expression  (70)
	expression : expression . MAYORIGUAL expression  (71)
	expression : expression . MENORIGUAL expression  (72)
	expression : expression . EQUIVALENTE expression  (73)
	expression : expression . AND expression  (74)
	expression : expression . OR expression  (75)
	expression : expression . AND_EQUALS expression  (76)
	expression : expression . OR_EQUALS expression  (77)
	expression : expression OR_EQUALS expression .  (77)

	MENORIGUAL  shift 100
	MAYORIGUAL  shift 101
	EQUIVALENTE  shift 102
	DISTINTO  shift 103
	'>'  shift 109
	'<'  shift 110
	'+'  shift 111
	'-'  shift 112
	'*'  shift 113
	'/'  shift 114
	'%'  shift 115
	'.'  shift 116
	'['  shift 117
	';'  shift 159
	OR  reduce 77
	AND  reduce 77
	AND_EQUALS  reduce 77
	OR_EQUALS  reduce 77
	'='  reduce 77


state 140
	assignment : expression '=' expression . ';'  (25)
	expression : expression . '+' expression  (58)
	expression : expression . '-' expression  (59)
	expression : expression . '*' expression  (60)
	expression : expression . '/' expression  (61)
	expression : expression . '%' expression  (62)
	expression : expression . '.' ID  (63)
	expression : expression . '[' expression ']'  (65)
	expression : expression . '>' expression  (68)
	expression : expression . '<' expression  (69)
	expression : expression . DISTINTO expression  (70)
	expression : expression . MAYORIGUAL expression  (71)
	expression : expression . MENORIGUAL expression  (72)
	expression : expression . EQUIVALENTE expression  (73)
	expression : expression . AND expression  (74)
	expression : expression . OR expression  (75)
	expression : expression . AND_EQUALS expression  (76)
	expression : expression . OR_EQUALS expression  (77)

	MENORIGUAL  shift 100
	MAYORIGUAL  shift 101
	EQUIVALENTE  shift 102
	DISTINTO  shift 103
	OR  shift 104
	AND  shift 105
	AND_EQUALS  shift 121
	OR_EQUALS  shift 122
	'>'  shift 109
	'<'  shift 110
	'+'  shift 111
	'-'  shift 112
	'*'  shift 113
	'/'  shift 114
	'%'  shift 115
	'.'  shift 116
	'['  shift 117
	';'  shift 160
	.  error


state 141
	expression : expression . '+' expression  (58)
	expression : expression . '-' expression  (59)
	expression : expression . '*' expression  (60)
	expression : expression . '/' expression  (61)
	expression : expression . '%' expression  (62)
	expression : expression . '.' ID  (63)
	expression : expression . '[' expression ']'  (65)
	expression : expression . '>' expression  (68)
	expression : expression '>' expression .  (68)
	expression : expression . '<' expression  (69)
	expression : expression . DISTINTO expression  (70)
	expression : expression . MAYORIGUAL expression  (71)
	expression : expression . MENORIGUAL expression  (72)
	expression : expression . EQUIVALENTE expression  (73)
	expression : expression . AND expression  (74)
	expression : expression . OR expression  (75)
	expression : expression . AND_EQUALS expression  (76)
	expression : expression . OR_EQUALS expression  (77)

	'+'  shift 111
	'-'  shift 112
	'*'  shift 113
	'/'  shift 114
	'%'  shift 115
	'.'  shift 116
	'['  shift 117
	MENORIGUAL  reduce 68
	MAYORIGUAL  reduce 68
	EQUIVALENTE  reduce 68
	DISTINTO  reduce 68
	OR  reduce 68
	AND  reduce 68
	AND_EQUALS  reduce 68
	OR_EQUALS  reduce 68
	'='  reduce 68
	'>'  reduce 68
	'<'  reduce 68
	']'  reduce 68
	')'  reduce 68
	':'  reduce 68
	';'  reduce 68
	','  reduce 68


state 142
	expression : expression . '+' expression  (58)
	expression : expression . '-' expression  (59)
	expression : expression . '*' expression  (60)
	expression : expression . '/' expression  (61)
	expression : expression . '%' expression  (62)
	expression : expression . '.' ID  (63)
	expression : expression . '[' expression ']'  (65)
	expression : expression . '>' expression  (68)
	expression : expression . '<' expression  (69)
	expression : expression '<' expression .  (69)
	expression : expression . DISTINTO expression  (70)
	expression : expression . MAYORIGUAL expression  (71)
	expression : expression . MENORIGUAL expression  (72)
	expression : expression . EQUIVALENTE expression  (73)
	expression : expression . AND expression  (74)
	expression : expression . OR expression  (75)
	expression : expression . AND_EQUALS expression  (76)
	expression : expression . OR_EQUALS expression  (77)

	'+'  shift 111
	'-'  shift 112
	'*'  shift 113
	'/'  shift 114
	'%'  shift 115
	'.'  shift 116
	'['  shift 117
	MENORIGUAL  reduce 69
	MAYORIGUAL  reduce 69
	EQUIVALENTE  reduce 69
	DISTINTO  reduce 69
	OR  reduce 69
	AND  reduce 69
	AND_EQUALS  reduce 69
	OR_EQUALS  reduce 69
	'='  reduce 69
	'>'  reduce 69
	'<'  reduce 69
	']'  reduce 69
	')'  reduce 69
	':'  reduce 69
	';'  reduce 69
	','  reduce 69


state 143
	expression : expression . '+' expression  (58)
	expression : expression '+' expression .  (58)
	expression : expression . '-' expression  (59)
	expression : expression . '*' expression  (60)
	expression : expression . '/' expression  (61)
	expression : expression . '%' expression  (62)
	expression : expression . '.' ID  (63)
	expression : expression . '[' expression ']'  (65)
	expression : expression . '>' expression  (68)
	expression : expression . '<' expression  (69)
	expression : expression . DISTINTO expression  (70)
	expression : expression . MAYORIGUAL expression  (71)
	expression : expression . MENORIGUAL expression  (72)
	expression : expression . EQUIVALENTE expression  (73)
	expression : expression . AND expression  (74)
	expression : expression . OR expression  (75)
	expression : expression . AND_EQUALS expression  (76)
	expression : expression . OR_EQUALS expression  (77)

	'*'  shift 113
	'/'  shift 114
	'%'  shift 115
	'.'  shift 116
	'['  shift 117
	MENORIGUAL  reduce 58
	MAYORIGUAL  reduce 58
	EQUIVALENTE  reduce 58
	DISTINTO  reduce 58
	OR  reduce 58
	AND  reduce 58
	AND_EQUALS  reduce 58
	OR_EQUALS  reduce 58
	'='  reduce 58
	'>'  reduce 58
	'<'  reduce 58
	'+'  reduce 58
	'-'  reduce 58
	']'  reduce 58
	')'  reduce 58
	':'  reduce 58
	';'  reduce 58
	','  reduce 58


state 144
	expression : expression . '+' expression  (58)
	expression : expression . '-' expression  (59)
	expression : expression '-' expression .  (59)
	expression : expression . '*' expression  (60)
	expression : expression . '/' expression  (61)
	expression : expression . '%' expression  (62)
	expression : expression . '.' ID  (63)
	expression : expression . '[' expression ']'  (65)
	expression : expression . '>' expression  (68)
	expression : expression . '<' expression  (69)
	expression : expression . DISTINTO expression  (70)
	expression : expression . MAYORIGUAL expression  (71)
	expression : expression . MENORIGUAL expression  (72)
	expression : expression . EQUIVALENTE expression  (73)
	expression : expression . AND expression  (74)
	expression : expression . OR expression  (75)
	expression : expression . AND_EQUALS expression  (76)
	expression : expression . OR_EQUALS expression  (77)

	'*'  shift 113
	'/'  shift 114
	'%'  shift 115
	'.'  shift 116
	'['  shift 117
	MENORIGUAL  reduce 59
	MAYORIGUAL  reduce 59
	EQUIVALENTE  reduce 59
	DISTINTO  reduce 59
	OR  reduce 59
	AND  reduce 59
	AND_EQUALS  reduce 59
	OR_EQUALS  reduce 59
	'='  reduce 59
	'>'  reduce 59
	'<'  reduce 59
	'+'  reduce 59
	'-'  reduce 59
	']'  reduce 59
	')'  reduce 59
	':'  reduce 59
	';'  reduce 59
	','  reduce 59


state 145
	expression : expression . '+' expression  (58)
	expression : expression . '-' expression  (59)
	expression : expression . '*' expression  (60)
	expression : expression '*' expression .  (60)
	expression : expression . '/' expression  (61)
	expression : expression . '%' expression  (62)
	expression : expression . '.' ID  (63)
	expression : expression . '[' expression ']'  (65)
	expression : expression . '>' expression  (68)
	expression : expression . '<' expression  (69)
	expression : expression . DISTINTO expression  (70)
	expression : expression . MAYORIGUAL expression  (71)
	expression : expression . MENORIGUAL expression  (72)
	expression : expression . EQUIVALENTE expression  (73)
	expression : expression . AND expression  (74)
	expression : expression . OR expression  (75)
	expression : expression . AND_EQUALS expression  (76)
	expression : expression . OR_EQUALS expression  (77)

	'.'  shift 116
	'['  shift 117
	MENORIGUAL  reduce 60
	MAYORIGUAL  reduce 60
	EQUIVALENTE  reduce 60
	DISTINTO  reduce 60
	OR  reduce 60
	AND  reduce 60
	AND_EQUALS  reduce 60
	OR_EQUALS  reduce 60
	'='  reduce 60
	'>'  reduce 60
	'<'  reduce 60
	'+'  reduce 60
	'-'  reduce 60
	'*'  reduce 60
	'/'  reduce 60
	'%'  reduce 60
	']'  reduce 60
	')'  reduce 60
	':'  reduce 60
	';'  reduce 60
	','  reduce 60


state 146
	expression : expression . '+' expression  (58)
	expression : expression . '-' expression  (59)
	expression : expression . '*' expression  (60)
	expression : expression . '/' expression  (61)
	expression : expression '/' expression .  (61)
	expression : expression . '%' expression  (62)
	expression : expression . '.' ID  (63)
	expression : expression . '[' expression ']'  (65)
	expression : expression . '>' expression  (68)
	expression : expression . '<' expression  (69)
	expression : expression . DISTINTO expression  (70)
	expression : expression . MAYORIGUAL expression  (71)
	expression : expression . MENORIGUAL expression  (72)
	expression : expression . EQUIVALENTE expression  (73)
	expression : expression . AND expression  (74)
	expression : expression . OR expression  (75)
	expression : expression . AND_EQUALS expression  (76)
	expression : expression . OR_EQUALS expression  (77)

	'.'  shift 116
	'['  shift 117
	MENORIGUAL  reduce 61
	MAYORIGUAL  reduce 61
	EQUIVALENTE  reduce 61
	DISTINTO  reduce 61
	OR  reduce 61
	AND  reduce 61
	AND_EQUALS  reduce 61
	OR_EQUALS  reduce 61
	'='  reduce 61
	'>'  reduce 61
	'<'  reduce 61
	'+'  reduce 61
	'-'  reduce 61
	'*'  reduce 61
	'/'  reduce 61
	'%'  reduce 61
	']'  reduce 61
	')'  reduce 61
	':'  reduce 61
	';'  reduce 61
	','  reduce 61


state 147
	expression : expression . '+' expression  (58)
	expression : expression . '-' expression  (59)
	expression : expression . '*' expression  (60)
	expression : expression . '/' expression  (61)
	expression : expression . '%' expression  (62)
	expression : expression '%' expression .  (62)
	expression : expression . '.' ID  (63)
	expression : expression . '[' expression ']'  (65)
	expression : expression . '>' expression  (68)
	expression : expression . '<' expression  (69)
	expression : expression . DISTINTO expression  (70)
	expression : expression . MAYORIGUAL expression  (71)
	expression : expression . MENORIGUAL expression  (72)
	expression : expression . EQUIVALENTE expression  (73)
	expression : expression . AND expression  (74)
	expression : expression . OR expression  (75)
	expression : expression . AND_EQUALS expression  (76)
	expression : expression . OR_EQUALS expression  (77)

	'.'  shift 116
	'['  shift 117
	MENORIGUAL  reduce 62
	MAYORIGUAL  reduce 62
	EQUIVALENTE  reduce 62
	DISTINTO  reduce 62
	OR  reduce 62
	AND  reduce 62
	AND_EQUALS  reduce 62
	OR_EQUALS  reduce 62
	'='  reduce 62
	'>'  reduce 62
	'<'  reduce 62
	'+'  reduce 62
	'-'  reduce 62
	'*'  reduce 62
	'/'  reduce 62
	'%'  reduce 62
	']'  reduce 62
	')'  reduce 62
	':'  reduce 62
	';'  reduce 62
	','  reduce 62


state 148
	expression : expression '.' ID .  (63)

	.  reduce 63


state 149
	expression : expression . '+' expression  (58)
	expression : expression . '-' expression  (59)
	expression : expression . '*' expression  (60)
	expression : expression . '/' expression  (61)
	expression : expression . '%' expression  (62)
	expression : expression . '.' ID  (63)
	expression : expression . '[' expression ']'  (65)
	expression : expression '[' expression . ']'  (65)
	expression : expression . '>' expression  (68)
	expression : expression . '<' expression  (69)
	expression : expression . DISTINTO expression  (70)
	expression : expression . MAYORIGUAL expression  (71)
	expression : expression . MENORIGUAL expression  (72)
	expression : expression . EQUIVALENTE expression  (73)
	expression : expression . AND expression  (74)
	expression : expression . OR expression  (75)
	expression : expression . AND_EQUALS expression  (76)
	expression : expression . OR_EQUALS expression  (77)

	MENORIGUAL  shift 100
	MAYORIGUAL  shift 101
	EQUIVALENTE  shift 102
	DISTINTO  shift 103
	OR  shift 104
	AND  shift 105
	AND_EQUALS  shift 121
	OR_EQUALS  shift 122
	'>'  shift 109
	'<'  shift 110
	'+'  shift 111
	'-'  shift 112
	'*'  shift 113
	'/'  shift 114
	'%'  shift 115
	'.'  shift 116
	'['  shift 117
	']'  shift 161
	.  error


state 150
	invocation : ID '(' paramsInvocation ')' .  (22)

	.  reduce 22


state 151
	expression : expression . '+' expression  (58)
	expression : expression . '-' expression  (59)
	expression : expression . '*' expression  (60)
	expression : expression . '/' expression  (61)
	expression : expression . '%' expression  (62)
	expression : expression . '.' ID  (63)
	expression : expression . '[' expression ']'  (65)
	expression : expression . '>' expression  (68)
	expression : expression . '<' expression  (69)
	expression : expression . DISTINTO expression  (70)
	expression : expression . MAYORIGUAL expression  (71)
	expression : expression . MENORIGUAL expression  (72)
	expression : expression . EQUIVALENTE expression  (73)
	expression : expression . AND expression  (74)
	expression : expression . OR expression  (75)
	expression : expression . AND_EQUALS expression  (76)
	expression : expression AND_EQUALS expression .  (76)
	expression : expression . OR_EQUALS expression  (77)

	MENORIGUAL  shift 100
	MAYORIGUAL  shift 101
	EQUIVALENTE  shift 102
	DISTINTO  shift 103
	'>'  shift 109
	'<'  shift 110
	'+'  shift 111
	'-'  shift 112
	'*'  shift 113
	'/'  shift 114
	'%'  shift 115
	'.'  shift 116
	'['  shift 117
	OR  reduce 76
	AND  reduce 76
	AND_EQUALS  reduce 76
	OR_EQUALS  reduce 76
	'='  reduce 76
	']'  reduce 76
	')'  reduce 76
	':'  reduce 76
	';'  reduce 76
	','  reduce 76


state 152
	expression : expression . '+' expression  (58)
	expression : expression . '-' expression  (59)
	expression : expression . '*' expression  (60)
	expression : expression . '/' expression  (61)
	expression : expression . '%' expression  (62)
	expression : expression . '.' ID  (63)
	expression : expression . '[' expression ']'  (65)
	expression : expression . '>' expression  (68)
	expression : expression . '<' expression  (69)
	expression : expression . DISTINTO expression  (70)
	expression : expression . MAYORIGUAL expression  (71)
	expression : expression . MENORIGUAL expression  (72)
	expression : expression . EQUIVALENTE expression  (73)
	expression : expression . AND expression  (74)
	expression : expression . OR expression  (75)
	expression : expression . AND_EQUALS expression  (76)
	expression : expression . OR_EQUALS expression  (77)
	expression : expression OR_EQUALS expression .  (77)

	MENORIGUAL  shift 100
	MAYORIGUAL  shift 101
	EQUIVALENTE  shift 102
	DISTINTO  shift 103
	'>'  shift 109
	'<'  shift 110
	'+'  shift 111
	'-'  shift 112
	'*'  shift 113
	'/'  shift 114
	'%'  shift 115
	'.'  shift 116
	'['  shift 117
	OR  reduce 77
	AND  reduce 77
	AND_EQUALS  reduce 77
	OR_EQUALS  reduce 77
	'='  reduce 77
	']'  reduce 77
	')'  reduce 77
	':'  reduce 77
	';'  reduce 77
	','  reduce 77


state 153
	expressiones : expressiones ',' expression .  (56)
	expression : expression . '+' expression  (58)
	expression : expression . '-' expression  (59)
	expression : expression . '*' expression  (60)
	expression : expression . '/' expression  (61)
	expression : expression . '%' expression  (62)
	expression : expression . '.' ID  (63)
	expression : expression . '[' expression ']'  (65)
	expression : expression . '>' expression  (68)
	expression : expression . '<' expression  (69)
	expression : expression . DISTINTO expression  (70)
	expression : expression . MAYORIGUAL expression  (71)
	expression : expression . MENORIGUAL expression  (72)
	expression : expression . EQUIVALENTE expression  (73)
	expression : expression . AND expression  (74)
	expression : expression . OR expression  (75)
	expression : expression . AND_EQUALS expression  (76)
	expression : expression . OR_EQUALS expression  (77)

	MENORIGUAL  shift 100
	MAYORIGUAL  shift 101
	EQUIVALENTE  shift 102
	DISTINTO  shift 103
	OR  shift 104
	AND  shift 105
	AND_EQUALS  shift 121
	OR_EQUALS  shift 122
	'>'  shift 109
	'<'  shift 110
	'+'  shift 111
	'-'  shift 112
	'*'  shift 113
	'/'  shift 114
	'%'  shift 115
	'.'  shift 116
	'['  shift 117
	')'  reduce 56
	';'  reduce 56
	','  reduce 56


state 154
	while : WHILE expression ':' '{' . sentencias '}'  (84)

	INT_CONSTANT  shift 55
	REAL_CONSTANT  shift 56
	ID  shift 83
	CHAR_CONSTANT  shift 58
	INPUT  shift 59
	PRINT  shift 60
	WHILE  shift 61
	IF  shift 62
	RETURN  shift 63
	'-'  shift 64
	'!'  shift 65
	'('  shift 66
	.  error

	sentencias  goto 162
	sentencia  goto 71
	expression  goto 72
	while  goto 73
	print  goto 74
	input  goto 75
	if  goto 76
	ifSimple  goto 77
	invocation  goto 78
	assignment  goto 79
	cast  goto 80


state 155
	if : IF expression ':' '{' . sentencias '}' ELSE sentencia  (30)
	if : IF expression ':' '{' . sentencias '}' ELSE '{' sentencias '}'  (31)
	ifSimple : IF expression ':' '{' . sentencias '}'  (33)

	INT_CONSTANT  shift 55
	REAL_CONSTANT  shift 56
	ID  shift 83
	CHAR_CONSTANT  shift 58
	INPUT  shift 59
	PRINT  shift 60
	WHILE  shift 61
	IF  shift 62
	RETURN  shift 63
	'-'  shift 64
	'!'  shift 65
	'('  shift 66
	.  error

	sentencias  goto 163
	sentencia  goto 71
	expression  goto 72
	while  goto 73
	print  goto 74
	input  goto 75
	if  goto 76
	ifSimple  goto 77
	invocation  goto 78
	assignment  goto 79
	cast  goto 80


state 156
	if : IF expression ':' sentencia . ELSE sentencia  (28)
	if : IF expression ':' sentencia . ELSE '{' sentencias '}'  (29)
	ifSimple : IF expression ':' sentencia .  (32)

	ELSE  shift 164
	INT_CONSTANT  reduce 32
	REAL_CONSTANT  reduce 32
	ID  reduce 32
	CHAR_CONSTANT  reduce 32
	INPUT  reduce 32
	PRINT  reduce 32
	WHILE  reduce 32
	IF  reduce 32
	RETURN  reduce 32
	'-'  reduce 32
	'!'  reduce 32
	'('  reduce 32
	'}'  reduce 32


state 157
	expression : expression . '+' expression  (58)
	expression : expression . '-' expression  (59)
	expression : expression . '*' expression  (60)
	expression : expression . '/' expression  (61)
	expression : expression . '%' expression  (62)
	expression : expression . '.' ID  (63)
	expression : expression . '[' expression ']'  (65)
	expression : expression . '>' expression  (68)
	expression : expression . '<' expression  (69)
	expression : expression . DISTINTO expression  (70)
	expression : expression . MAYORIGUAL expression  (71)
	expression : expression . MENORIGUAL expression  (72)
	expression : expression . EQUIVALENTE expression  (73)
	expression : expression . AND expression  (74)
	expression : expression . OR expression  (75)
	expression : expression . AND_EQUALS expression  (76)
	expression : expression . OR_EQUALS expression  (77)
	cast : '(' tipo ')' expression .  (83)

	.  reduce 83


state 158
	assignment : expression AND_EQUALS expression ';' .  (26)

	.  reduce 26


state 159
	assignment : expression OR_EQUALS expression ';' .  (27)

	.  reduce 27


state 160
	assignment : expression '=' expression ';' .  (25)

	.  reduce 25


state 161
	expression : expression '[' expression ']' .  (65)

	.  reduce 65


state 162
	sentencias : sentencias . sentencia  (13)
	while : WHILE expression ':' '{' sentencias . '}'  (84)

	INT_CONSTANT  shift 55
	REAL_CONSTANT  shift 56
	ID  shift 83
	CHAR_CONSTANT  shift 58
	INPUT  shift 59
	PRINT  shift 60
	WHILE  shift 61
	IF  shift 62
	RETURN  shift 63
	'-'  shift 64
	'!'  shift 65
	'('  shift 66
	'}'  shift 165
	.  error

	sentencia  goto 99
	expression  goto 72
	while  goto 73
	print  goto 74
	input  goto 75
	if  goto 76
	ifSimple  goto 77
	invocation  goto 78
	assignment  goto 79
	cast  goto 80


state 163
	sentencias : sentencias . sentencia  (13)
	if : IF expression ':' '{' sentencias . '}' ELSE sentencia  (30)
	if : IF expression ':' '{' sentencias . '}' ELSE '{' sentencias '}'  (31)
	ifSimple : IF expression ':' '{' sentencias . '}'  (33)

	INT_CONSTANT  shift 55
	REAL_CONSTANT  shift 56
	ID  shift 83
	CHAR_CONSTANT  shift 58
	INPUT  shift 59
	PRINT  shift 60
	WHILE  shift 61
	IF  shift 62
	RETURN  shift 63
	'-'  shift 64
	'!'  shift 65
	'('  shift 66
	'}'  shift 166
	.  error

	sentencia  goto 99
	expression  goto 72
	while  goto 73
	print  goto 74
	input  goto 75
	if  goto 76
	ifSimple  goto 77
	invocation  goto 78
	assignment  goto 79
	cast  goto 80


state 164
	if : IF expression ':' sentencia ELSE . sentencia  (28)
	if : IF expression ':' sentencia ELSE . '{' sentencias '}'  (29)

	INT_CONSTANT  shift 55
	REAL_CONSTANT  shift 56
	ID  shift 83
	CHAR_CONSTANT  shift 58
	INPUT  shift 59
	PRINT  shift 60
	WHILE  shift 61
	IF  shift 62
	RETURN  shift 63
	'-'  shift 64
	'!'  shift 65
	'('  shift 66
	'{'  shift 167
	.  error

	sentencia  goto 168
	expression  goto 72
	while  goto 73
	print  goto 74
	input  goto 75
	if  goto 76
	ifSimple  goto 77
	invocation  goto 78
	assignment  goto 79
	cast  goto 80


state 165
	while : WHILE expression ':' '{' sentencias '}' .  (84)

	.  reduce 84


state 166
	if : IF expression ':' '{' sentencias '}' . ELSE sentencia  (30)
	if : IF expression ':' '{' sentencias '}' . ELSE '{' sentencias '}'  (31)
	ifSimple : IF expression ':' '{' sentencias '}' .  (33)

	ELSE  shift 169
	INT_CONSTANT  reduce 33
	REAL_CONSTANT  reduce 33
	ID  reduce 33
	CHAR_CONSTANT  reduce 33
	INPUT  reduce 33
	PRINT  reduce 33
	WHILE  reduce 33
	IF  reduce 33
	RETURN  reduce 33
	'-'  reduce 33
	'!'  reduce 33
	'('  reduce 33
	'}'  reduce 33


state 167
	if : IF expression ':' sentencia ELSE '{' . sentencias '}'  (29)

	INT_CONSTANT  shift 55
	REAL_CONSTANT  shift 56
	ID  shift 83
	CHAR_CONSTANT  shift 58
	INPUT  shift 59
	PRINT  shift 60
	WHILE  shift 61
	IF  shift 62
	RETURN  shift 63
	'-'  shift 64
	'!'  shift 65
	'('  shift 66
	.  error

	sentencias  goto 170
	sentencia  goto 71
	expression  goto 72
	while  goto 73
	print  goto 74
	input  goto 75
	if  goto 76
	ifSimple  goto 77
	invocation  goto 78
	assignment  goto 79
	cast  goto 80


state 168
	if : IF expression ':' sentencia ELSE sentencia .  (28)

	.  reduce 28


state 169
	if : IF expression ':' '{' sentencias '}' ELSE . sentencia  (30)
	if : IF expression ':' '{' sentencias '}' ELSE . '{' sentencias '}'  (31)

	INT_CONSTANT  shift 55
	REAL_CONSTANT  shift 56
	ID  shift 83
	CHAR_CONSTANT  shift 58
	INPUT  shift 59
	PRINT  shift 60
	WHILE  shift 61
	IF  shift 62
	RETURN  shift 63
	'-'  shift 64
	'!'  shift 65
	'('  shift 66
	'{'  shift 171
	.  error

	sentencia  goto 172
	expression  goto 72
	while  goto 73
	print  goto 74
	input  goto 75
	if  goto 76
	ifSimple  goto 77
	invocation  goto 78
	assignment  goto 79
	cast  goto 80


state 170
	sentencias : sentencias . sentencia  (13)
	if : IF expression ':' sentencia ELSE '{' sentencias . '}'  (29)

	INT_CONSTANT  shift 55
	REAL_CONSTANT  shift 56
	ID  shift 83
	CHAR_CONSTANT  shift 58
	INPUT  shift 59
	PRINT  shift 60
	WHILE  shift 61
	IF  shift 62
	RETURN  shift 63
	'-'  shift 64
	'!'  shift 65
	'('  shift 66
	'}'  shift 173
	.  error

	sentencia  goto 99
	expression  goto 72
	while  goto 73
	print  goto 74
	input  goto 75
	if  goto 76
	ifSimple  goto 77
	invocation  goto 78
	assignment  goto 79
	cast  goto 80


state 171
	if : IF expression ':' '{' sentencias '}' ELSE '{' . sentencias '}'  (31)

	INT_CONSTANT  shift 55
	REAL_CONSTANT  shift 56
	ID  shift 83
	CHAR_CONSTANT  shift 58
	INPUT  shift 59
	PRINT  shift 60
	WHILE  shift 61
	IF  shift 62
	RETURN  shift 63
	'-'  shift 64
	'!'  shift 65
	'('  shift 66
	.  error

	sentencias  goto 174
	sentencia  goto 71
	expression  goto 72
	while  goto 73
	print  goto 74
	input  goto 75
	if  goto 76
	ifSimple  goto 77
	invocation  goto 78
	assignment  goto 79
	cast  goto 80


state 172
	if : IF expression ':' '{' sentencias '}' ELSE sentencia .  (30)

	.  reduce 30


state 173
	if : IF expression ':' sentencia ELSE '{' sentencias '}' .  (29)

	.  reduce 29


state 174
	sentencias : sentencias . sentencia  (13)
	if : IF expression ':' '{' sentencias '}' ELSE '{' sentencias . '}'  (31)

	INT_CONSTANT  shift 55
	REAL_CONSTANT  shift 56
	ID  shift 83
	CHAR_CONSTANT  shift 58
	INPUT  shift 59
	PRINT  shift 60
	WHILE  shift 61
	IF  shift 62
	RETURN  shift 63
	'-'  shift 64
	'!'  shift 65
	'('  shift 66
	'}'  shift 175
	.  error

	sentencia  goto 99
	expression  goto 72
	while  goto 73
	print  goto 74
	input  goto 75
	if  goto 76
	ifSimple  goto 77
	invocation  goto 78
	assignment  goto 79
	cast  goto 80


state 175
	if : IF expression ':' '{' sentencias '}' ELSE '{' sentencias '}' .  (31)

	.  reduce 31


47 terminals, 31 nonterminals
87 grammar rules, 176 states
